<?xml version="1.0" encoding="UTF-8"?>
<!-- Generated by org.testng.reporters.JUnitReportReporter -->
<testsuite hostname="Anish" failures="0" tests="2" name="stcTwo.TC_11_AlreadyLoginScenario" time="122.278" errors="0" timestamp="2024-02-06T20:23:22 IST" skipped="0">
  <testcase classname="stcTwo.TC_11_AlreadyLoginScenario" name="sc_AlreadyLoginScenario" time="109.631"/>
  <testcase classname="stcTwo.TC_11_AlreadyLoginScenario" name="sc_AlreadyLoginInValidOTPScenario" time="12.647"/>
</testsuite> <!-- stcTwo.TC_11_AlreadyLoginScenario -->
