<?xml version="1.0" encoding="UTF-8"?>
<!-- Generated by org.testng.reporters.JUnitReportReporter -->
<testsuite hostname="Anish" failures="0" tests="1" name="stc.TC_05_quickPay_Multiple_Line_Postpaid" time="71.538" errors="0" timestamp="2024-03-07T18:36:54 IST" skipped="0">
  <testcase classname="stc.TC_05_quickPay_Multiple_Line_Postpaid" name="sc_quickPay_Multiple_Line_Postpaid_Scenario" time="71.538"/>
</testsuite> <!-- stc.TC_05_quickPay_Multiple_Line_Postpaid -->
