<?xml version="1.0" encoding="UTF-8"?>
<!-- Generated by org.testng.reporters.JUnitReportReporter -->
<testsuite hostname="Anish" failures="0" tests="2" name="stcTwo.TC_11_AlreadyLoginScenario" time="111.332" errors="0" timestamp="2024-02-08T20:50:30 IST" skipped="0">
  <testcase classname="stcTwo.TC_11_AlreadyLoginScenario" name="sc_AlreadyLoginScenario" time="98.799"/>
  <testcase classname="stcTwo.TC_11_AlreadyLoginScenario" name="sc_AlreadyLoginInValidOTPScenario" time="12.533"/>
</testsuite> <!-- stcTwo.TC_11_AlreadyLoginScenario -->
