<?xml version="1.0" encoding="UTF-8"?>
<!-- Generated by org.testng.reporters.JUnitReportReporter -->
<testsuite hostname="Anish" failures="0" tests="1" name="stcTwo.TC_12_Dashboard_Your_Usage" time="76.190" errors="0" timestamp="2024-03-07T19:02:54 IST" skipped="0">
  <testcase classname="stcTwo.TC_12_Dashboard_Your_Usage" name="sc_Dashboard_Your_Usage" time="76.190"/>
</testsuite> <!-- stcTwo.TC_12_Dashboard_Your_Usage -->
