<?xml version="1.0" encoding="UTF-8"?>
<!-- Generated by org.testng.reporters.JUnitReportReporter -->
<testsuite hostname="Anish" failures="0" tests="1" name="stcTwo.Testt" time="1.533" errors="0" timestamp="2024-02-11T11:13:11 IST" skipped="0">
  <testcase classname="stcTwo.Testt" name="sc_DashboardScenarioVerifyScenario" time="1.533"/>
</testsuite> <!-- stcTwo.Testt -->
