<?xml version="1.0" encoding="UTF-8"?>
<!-- Generated by org.testng.reporters.JUnitReportReporter -->
<testsuite hostname="Anish" failures="0" tests="1" name="stc.TC_07_NewsStore" time="51.040" errors="0" timestamp="2024-02-06T20:23:22 IST" skipped="0">
  <testcase classname="stc.TC_07_NewsStore" name="sc_NewsAndStoreVerify" time="51.040"/>
</testsuite> <!-- stc.TC_07_NewsStore -->
