<?xml version="1.0" encoding="UTF-8"?>
<!-- Generated by org.testng.reporters.JUnitReportReporter -->
<testsuite hostname="Anish" failures="0" tests="1" name="stc.TC_04_MultiPayment" time="160.276" errors="0" timestamp="2024-02-08T20:50:30 IST" skipped="0">
  <testcase classname="stc.TC_04_MultiPayment" name="sc_MultiplePaymentScenario" time="160.276"/>
</testsuite> <!-- stc.TC_04_MultiPayment -->
