<?xml version="1.0" encoding="UTF-8"?>
<!-- Generated by org.testng.reporters.JUnitReportReporter -->
<testsuite hostname="Anish" failures="0" tests="1" name="stc.TC_Banners" time="42.024" errors="0" timestamp="2024-02-05T21:01:20 IST" skipped="0">
  <testcase classname="stc.TC_Banners" name="sc_BannerVerify" time="42.024"/>
</testsuite> <!-- stc.TC_Banners -->
