<?xml version="1.0" encoding="UTF-8"?>
<!-- Generated by org.testng.reporters.JUnitReportReporter -->
<testsuite hostname="Anish" failures="0" tests="1" name="stcThree.TC_02_Get_new_line_mobile_postpaid_with_device" time="139.957" errors="0" timestamp="2024-03-07T19:16:15 IST" skipped="0">
  <testcase classname="stcThree.TC_02_Get_new_line_mobile_postpaid_with_device" name="sc_Get_new_line_mobile_postpaid_with_device" time="139.957"/>
</testsuite> <!-- stcThree.TC_02_Get_new_line_mobile_postpaid_with_device -->
