<?xml version="1.0" encoding="UTF-8"?>
<!-- Generated by org.testng.reporters.JUnitReportReporter -->
<testsuite hostname="Anish" failures="0" tests="1" name="stc.TC_NewsStore" time="51.378" errors="0" timestamp="2024-02-06T15:27:40 IST" skipped="0">
  <testcase classname="stc.TC_NewsStore" name="sc_NewsAndStoreVerify" time="51.378"/>
</testsuite> <!-- stc.TC_NewsStore -->
