<?xml version="1.0" encoding="UTF-8"?>
<!-- Generated by org.testng.reporters.JUnitReportReporter -->
<testsuite hostname="Anish" failures="0" tests="1" name="stcFive.MainDashBoard" time="72.749" errors="0" timestamp="2024-02-19T14:49:19 IST" skipped="0">
  <testcase classname="stcFive.MainDashBoard" name="sc_GuestUser_MainDashBoard" time="72.749"/>
</testsuite> <!-- stcFive.MainDashBoard -->
