<?xml version="1.0" encoding="UTF-8"?>
<!-- Generated by org.testng.reporters.JUnitReportReporter -->
<testsuite hostname="Anish" failures="0" tests="2" name="stcFive.TC_10_Qitaf" time="45.215" errors="0" timestamp="2024-03-07T19:32:11 IST" skipped="0">
  <testcase classname="stcFive.TC_10_Qitaf" name="sc_Qitaf_Search_Reward_banner" time="25.904"/>
  <testcase classname="stcFive.TC_10_Qitaf" name="sc_BurgerMenuOptions" time="19.311"/>
</testsuite> <!-- stcFive.TC_10_Qitaf -->
