<?xml version="1.0" encoding="UTF-8"?>
<!-- Generated by org.testng.reporters.JUnitReportReporter -->
<testsuite hostname="Anish" failures="0" tests="1" name="stcTwo.TC_12_DashboardScenario2" time="113.834" errors="0" timestamp="2024-02-08T13:38:32 IST" skipped="0">
  <testcase classname="stcTwo.TC_12_DashboardScenario2" name="sc_DashboardScenarioVerifyScenario" time="113.834"/>
</testsuite> <!-- stcTwo.TC_12_DashboardScenario2 -->
