<?xml version="1.0" encoding="UTF-8"?>
<!-- Generated by org.testng.reporters.JUnitReportReporter -->
<testsuite hostname="Anish" failures="0" tests="1" name="stcTwo.TC_15_Dashboard_PayAdvance" time="98.224" errors="0" timestamp="2024-02-08T20:50:30 IST" skipped="0">
  <testcase classname="stcTwo.TC_15_Dashboard_PayAdvance" name="sc_Dashboard_PayAdvance" time="98.224"/>
</testsuite> <!-- stcTwo.TC_15_Dashboard_PayAdvance -->
