<?xml version="1.0" encoding="UTF-8"?>
<!-- Generated by org.testng.reporters.JUnitReportReporter -->
<testsuite hostname="Anish" failures="0" tests="3" name="stcTwo.TC_11_AlreadyLoginScenario" time="250.183" errors="0" timestamp="2024-03-07T19:02:54 IST" skipped="0">
  <testcase classname="stcTwo.TC_11_AlreadyLoginScenario" name="sc_AlreadyLoginScenario" time="132.737"/>
  <testcase classname="stcTwo.TC_11_AlreadyLoginScenario" name="loginCivilId" time="99.556"/>
  <testcase classname="stcTwo.TC_11_AlreadyLoginScenario" name="sc_VerifyOTPPage" time="17.890"/>
</testsuite> <!-- stcTwo.TC_11_AlreadyLoginScenario -->
