<?xml version="1.0" encoding="UTF-8"?>
<!-- Generated by org.testng.reporters.JUnitReportReporter -->
<testsuite hostname="Anish" failures="0" tests="1" name="stcTwo.TC_13_Dashboard_Usage_Subscription_Bill" time="121.757" errors="0" timestamp="2024-02-08T16:04:36 IST" skipped="0">
  <testcase classname="stcTwo.TC_13_Dashboard_Usage_Subscription_Bill" name="sc_Dashboard_Usage_Subscription_Bill" time="121.757"/>
</testsuite> <!-- stcTwo.TC_13_Dashboard_Usage_Subscription_Bill -->
