<?xml version="1.0" encoding="UTF-8"?>
<!-- Generated by org.testng.reporters.JUnitReportReporter -->
<testsuite hostname="Anish" failures="0" tests="1" name="stcTwo.TC_DashboardScenario" time="186.712" errors="0" timestamp="2024-02-06T19:16:31 IST" skipped="0">
  <testcase classname="stcTwo.TC_DashboardScenario" name="sc_DashboardScenarioVerifyScenario" time="186.712"/>
</testsuite> <!-- stcTwo.TC_DashboardScenario -->
