<?xml version="1.0" encoding="UTF-8"?>
<!-- Generated by org.testng.reporters.JUnitReportReporter -->
<testsuite hostname="Anish" failures="0" tests="1" name="stcTwo.TC_16_Get_new_line_mobile_prepaid_civil_id" time="104.836" errors="0" timestamp="2024-02-08T20:50:30 IST" skipped="0">
  <testcase classname="stcTwo.TC_16_Get_new_line_mobile_prepaid_civil_id" name="sc_GetNewLineMobilePrepaid" time="104.836"/>
</testsuite> <!-- stcTwo.TC_16_Get_new_line_mobile_prepaid_civil_id -->
