<?xml version="1.0" encoding="UTF-8"?>
<!-- Generated by org.testng.reporters.JUnitReportReporter -->
<testsuite hostname="Anish" failures="0" tests="1" name="stc.TC_03_Recharge" time="42.280" errors="0" timestamp="2024-03-07T18:36:54 IST" skipped="0">
  <testcase classname="stc.TC_03_Recharge" name="sc_RechargeScenario" time="42.280"/>
</testsuite> <!-- stc.TC_03_Recharge -->
