<?xml version="1.0" encoding="UTF-8"?>
<!-- Generated by org.testng.reporters.JUnitReportReporter -->
<testsuite hostname="Anish" failures="0" tests="1" name="stc.TC_01_HomePageVerify" time="37.422" errors="0" timestamp="2024-03-07T18:36:54 IST" skipped="0">
  <testcase classname="stc.TC_01_HomePageVerify" name="sc_HomePageVerify" time="37.422"/>
</testsuite> <!-- stc.TC_01_HomePageVerify -->
