<?xml version="1.0" encoding="UTF-8"?>
<!-- Generated by org.testng.reporters.JUnitReportReporter -->
<testsuite hostname="Anish" failures="0" tests="1" name="stcFive.TC_08_MainDashBoard" time="311.578" errors="0" timestamp="2024-03-07T19:32:11 IST" skipped="0">
  <testcase classname="stcFive.TC_08_MainDashBoard" name="sc_GuestUser_MainDashBoard" time="311.578"/>
</testsuite> <!-- stcFive.TC_08_MainDashBoard -->
