<?xml version="1.0" encoding="UTF-8"?>
<!-- Generated by org.testng.reporters.JUnitReportReporter -->
<testsuite hostname="Anish" failures="0" tests="1" name="stcTwo.TC_12_DashboardScenario" time="201.227" errors="0" timestamp="2024-02-06T20:23:22 IST" skipped="0">
  <testcase classname="stcTwo.TC_12_DashboardScenario" name="sc_DashboardScenarioVerifyScenario" time="201.227"/>
</testsuite> <!-- stcTwo.TC_12_DashboardScenario -->
