<?xml version="1.0" encoding="UTF-8"?>
<!-- Generated by org.testng.reporters.JUnitReportReporter -->
<testsuite hostname="Anish" failures="0" tests="1" name="stcTwo.TC_14_Dashboard_Manage_Subscription" time="107.978" errors="0" timestamp="2024-02-08T16:04:36 IST" skipped="0">
  <testcase classname="stcTwo.TC_14_Dashboard_Manage_Subscription" name="sc_Dashboard_Manage_Subscription" time="107.978"/>
</testsuite> <!-- stcTwo.TC_14_Dashboard_Manage_Subscription -->
