<?xml version="1.0" encoding="UTF-8"?>
<!-- Generated by org.testng.reporters.JUnitReportReporter -->
<testsuite hostname="Anish" failures="0" tests="1" name="stcTwo.TC_00_Dashboard_EVoucher" time="155.525" errors="0" timestamp="2024-02-11T16:29:32 IST" skipped="0">
  <testcase classname="stcTwo.TC_00_Dashboard_EVoucher" name="sc_Dashboard_EVoucher" time="155.525"/>
</testsuite> <!-- stcTwo.TC_00_Dashboard_EVoucher -->
