<?xml version="1.0" encoding="UTF-8"?>
<!-- Generated by org.testng.reporters.JUnitReportReporter -->
<testsuite hostname="Anish" failures="0" tests="1" name="stc.TC_04_MultiPayment" time="111.950" errors="0" timestamp="2024-03-07T18:36:54 IST" skipped="0">
  <testcase classname="stc.TC_04_MultiPayment" name="sc_MultiplePaymentScenario" time="111.950"/>
</testsuite> <!-- stc.TC_04_MultiPayment -->
