<?xml version="1.0" encoding="UTF-8"?>
<!-- Generated by org.testng.reporters.JUnitReportReporter -->
<testsuite hostname="Anish" failures="0" tests="1" name="stcTwo.TC_18_Dashboard_Bill_PostPaid" time="132.114" errors="0" timestamp="2024-03-07T19:02:54 IST" skipped="0">
  <testcase classname="stcTwo.TC_18_Dashboard_Bill_PostPaid" name="sc_Dashboard_PostPaid_Bill" time="132.114"/>
</testsuite> <!-- stcTwo.TC_18_Dashboard_Bill_PostPaid -->
