<?xml version="1.0" encoding="UTF-8"?>
<!-- Generated by org.testng.reporters.JUnitReportReporter -->
<testsuite hostname="Anish" failures="0" tests="1" name="stcFour.TC_13_Dashboard_Subscription_Upgrade_ComparePlan" time="109.950" errors="0" timestamp="2024-03-01T16:30:13 IST" skipped="0">
  <testcase classname="stcFour.TC_13_Dashboard_Subscription_Upgrade_ComparePlan" name="sc_Dashboard_Subscription_Upgrade_ComparePlan" time="109.950"/>
</testsuite> <!-- stcFour.TC_13_Dashboard_Subscription_Upgrade_ComparePlan -->
