<?xml version="1.0" encoding="UTF-8"?>
<!-- Generated by org.testng.reporters.JUnitReportReporter -->
<testsuite hostname="Anish" failures="0" tests="1" name="stcThree.TC_05_Get_new_line_mobile_postpaid_Verify_YouthPlan_With_Devices" time="182.006" errors="0" timestamp="2024-03-07T19:16:15 IST" skipped="0">
  <testcase classname="stcThree.TC_05_Get_new_line_mobile_postpaid_Verify_YouthPlan_With_Devices" name="sc_Get_new_line_mobile_postpaid_YouthPlan_With_Devices" time="182.006"/>
</testsuite> <!-- stcThree.TC_05_Get_new_line_mobile_postpaid_Verify_YouthPlan_With_Devices -->
