<?xml version="1.0" encoding="UTF-8"?>
<!-- Generated by org.testng.reporters.JUnitReportReporter -->
<testsuite hostname="Anish" failures="0" tests="1" name="stc.HomePageVerify" time="36.266" errors="0" timestamp="2024-02-05T12:11:14 IST" skipped="0">
  <testcase classname="stc.HomePageVerify" name="HomePageVerify" time="36.266"/>
</testsuite> <!-- stc.HomePageVerify -->
