<?xml version="1.0" encoding="UTF-8"?>
<!-- Generated by org.testng.reporters.JUnitReportReporter -->
<testsuite hostname="Anish" failures="0" tests="1" name="stcTwo.TC_14_Dashboard_Manage_Subscription_PayBill" time="134.958" errors="0" timestamp="2024-03-07T19:02:54 IST" skipped="0">
  <testcase classname="stcTwo.TC_14_Dashboard_Manage_Subscription_PayBill" name="sc_Dashboard_Manage_Subscription_PayBill" time="134.958"/>
</testsuite> <!-- stcTwo.TC_14_Dashboard_Manage_Subscription_PayBill -->
