<?xml version="1.0" encoding="UTF-8"?>
<!-- Generated by org.testng.reporters.JUnitReportReporter -->
<testsuite hostname="Anish" failures="0" tests="1" name="stcFour.BurgerMenu" time="271.101" errors="0" timestamp="2024-03-07T19:32:11 IST" skipped="0">
  <testcase classname="stcFour.BurgerMenu" name="sc_burgerMenuSettings" time="271.101"/>
</testsuite> <!-- stcFour.BurgerMenu -->
