<?xml version="1.0" encoding="UTF-8"?>
<!-- Generated by org.testng.reporters.JUnitReportReporter -->
<testsuite hostname="Anish" failures="0" tests="1" name="stcTwo.TC_12_Dashboard_Your_Usage" time="276.560" errors="0" timestamp="2024-02-08T20:50:30 IST" skipped="0">
  <testcase classname="stcTwo.TC_12_Dashboard_Your_Usage" name="sc_Dashboard_Your_Usage" time="276.560"/>
</testsuite> <!-- stcTwo.TC_12_Dashboard_Your_Usage -->
