<?xml version="1.0" encoding="UTF-8"?>
<!-- Generated by org.testng.reporters.JUnitReportReporter -->
<testsuite hostname="Anish" failures="0" tests="1" name="stcThree.TC_06_Get_new_line_mobile_postpaid_Verify_YouthPlan" time="128.136" errors="0" timestamp="2024-03-05T16:47:27 IST" skipped="0">
  <testcase classname="stcThree.TC_06_Get_new_line_mobile_postpaid_Verify_YouthPlan" name="sc_Get_new_line_mobile_postpaid_Verify_YouthPlan" time="128.136"/>
</testsuite> <!-- stcThree.TC_06_Get_new_line_mobile_postpaid_Verify_YouthPlan -->
