<?xml version="1.0" encoding="UTF-8"?>
<!-- Generated by org.testng.reporters.JUnitReportReporter -->
<testsuite hostname="Anish" failures="0" tests="1" name="stcThree.TC_01_Get_new_line_mobile_prepaid" time="127.479" errors="0" timestamp="2024-03-07T19:16:15 IST" skipped="0">
  <testcase classname="stcThree.TC_01_Get_new_line_mobile_prepaid" name="sc_GetNewLineMobilePrepaid" time="127.479"/>
</testsuite> <!-- stcThree.TC_01_Get_new_line_mobile_prepaid -->
