<?xml version="1.0" encoding="UTF-8"?>
<!-- Generated by org.testng.reporters.JUnitReportReporter -->
<testsuite hostname="Anish" failures="0" tests="1" name="stc.TC_HomePageVerify" time="45.106" errors="0" timestamp="2024-02-05T21:01:20 IST" skipped="0">
  <testcase classname="stc.TC_HomePageVerify" name="sc_HomePageVerify" time="45.106"/>
</testsuite> <!-- stc.TC_HomePageVerify -->
