<?xml version="1.0" encoding="UTF-8"?>
<!-- Generated by org.testng.reporters.JUnitReportReporter -->
<testsuite hostname="Anish" failures="0" tests="1" name="stcTwo.TC_20_EStore" time="104.631" errors="0" timestamp="2024-02-15T13:03:49 IST" skipped="0">
  <testcase classname="stcTwo.TC_20_EStore" name="sc_EStore" time="104.631"/>
</testsuite> <!-- stcTwo.TC_20_EStore -->
